  stdafx.cpp
  ADODatabase.cpp
  Clock.cpp
  Config.cpp
  ContentsProcess.cpp
  DBManager.cpp
  IOCPServer.cpp
  IOCPSession.cpp
c:\users\admin\desktop\hsr server engine\hsr lib\iocpsession.cpp(201): warning C4267: '=': 'size_t'에서 'ULONG'(으)로 변환하면서 데이터가 손실될 수 있습니다.
  Lock.cpp
  Logger.cpp
  PacketAnalyzer.cpp
  Query.cpp
  QueryRecord.cpp
  QueryStatement.cpp
  Server.cpp
  Session.cpp
  SessionManager.cpp
  Shutdown.cpp
  Stream.cpp
  Task.cpp
  Terminal.cpp
  코드를 생성하고 있습니다...
  컴파일하고 있습니다...
  TerminalManager.cpp
  TerminalSession.cpp
  Thread.cpp
  tinystr.cpp
  tinyxml.cpp
  tinyxmlerror.cpp
  tinyxmlparser.cpp
  코드를 생성하고 있습니다...
  HSR Lib.vcxproj -> C:\Users\admin\Desktop\HSR Server Engine\x64\Debug\HSR Lib.lib
