c:\users\admin\desktop\hsr server engine\hsr lib\x64\debug\hsr lib.pch
c:\users\admin\desktop\hsr server engine\hsr lib\x64\debug\hsr lib.pdb
c:\users\admin\desktop\hsr server engine\hsr lib\x64\debug\hsr lib.idb
c:\users\admin\desktop\hsr server engine\hsr lib\x64\debug\stdafx.obj
c:\users\admin\desktop\hsr server engine\hsr lib\x64\debug\terminal.obj
c:\users\admin\desktop\hsr server engine\hsr lib\x64\debug\task.obj
c:\users\admin\desktop\hsr server engine\hsr lib\x64\debug\stream.obj
c:\users\admin\desktop\hsr server engine\hsr lib\x64\debug\shutdown.obj
c:\users\admin\desktop\hsr server engine\hsr lib\x64\debug\sessionmanager.obj
c:\users\admin\desktop\hsr server engine\hsr lib\x64\debug\session.obj
c:\users\admin\desktop\hsr server engine\hsr lib\x64\debug\server.obj
c:\users\admin\desktop\hsr server engine\hsr lib\x64\debug\querystatement.obj
c:\users\admin\desktop\hsr server engine\hsr lib\x64\debug\queryrecord.obj
c:\users\admin\desktop\hsr server engine\hsr lib\x64\debug\query.obj
c:\users\admin\desktop\hsr server engine\hsr lib\x64\debug\packetanalyzer.obj
c:\users\admin\desktop\hsr server engine\hsr lib\x64\debug\logger.obj
c:\users\admin\desktop\hsr server engine\hsr lib\x64\debug\lock.obj
c:\users\admin\desktop\hsr server engine\hsr lib\x64\debug\iocpsession.obj
c:\users\admin\desktop\hsr server engine\hsr lib\x64\debug\iocpserver.obj
c:\users\admin\desktop\hsr server engine\hsr lib\x64\debug\dbmanager.obj
c:\users\admin\desktop\hsr server engine\hsr lib\x64\debug\contentsprocess.obj
c:\users\admin\desktop\hsr server engine\hsr lib\x64\debug\config.obj
c:\users\admin\desktop\hsr server engine\hsr lib\x64\debug\clock.obj
c:\users\admin\desktop\hsr server engine\hsr lib\x64\debug\adodatabase.obj
c:\users\admin\desktop\hsr server engine\hsr lib\x64\debug\tinyxmlparser.obj
c:\users\admin\desktop\hsr server engine\hsr lib\x64\debug\tinyxmlerror.obj
c:\users\admin\desktop\hsr server engine\hsr lib\x64\debug\tinyxml.obj
c:\users\admin\desktop\hsr server engine\hsr lib\x64\debug\tinystr.obj
c:\users\admin\desktop\hsr server engine\hsr lib\x64\debug\thread.obj
c:\users\admin\desktop\hsr server engine\hsr lib\x64\debug\terminalsession.obj
c:\users\admin\desktop\hsr server engine\hsr lib\x64\debug\terminalmanager.obj
c:\users\admin\desktop\hsr server engine\x64\debug\hsr lib.lib
c:\users\admin\desktop\hsr server engine\hsr lib\x64\debug\msado15.tli
c:\users\admin\desktop\hsr server engine\hsr lib\x64\debug\msado15.tlh
c:\users\admin\desktop\hsr server engine\x64\debug\hsr lib.pdb
c:\users\admin\desktop\hsr server engine\hsr lib\x64\debug\hsr lib.tlog\cl.command.1.tlog
c:\users\admin\desktop\hsr server engine\hsr lib\x64\debug\hsr lib.tlog\cl.read.1.tlog
c:\users\admin\desktop\hsr server engine\hsr lib\x64\debug\hsr lib.tlog\cl.write.1.tlog
c:\users\admin\desktop\hsr server engine\hsr lib\x64\debug\hsr lib.tlog\lib-link.read.1.tlog
c:\users\admin\desktop\hsr server engine\hsr lib\x64\debug\hsr lib.tlog\lib-link.write.1.tlog
c:\users\admin\desktop\hsr server engine\hsr lib\x64\debug\hsr lib.tlog\lib.command.1.tlog
